2025-08-10 14:02:07,819 INFO test_build_post: Прочитано строк: 292
2025-08-10 14:02:07,819 WARNING test_build_post: Встречен вкус до объявления модели: ELF BAR/1500
2025-08-10 14:02:07,819 WARNING test_build_post: Встречен вкус до объявления модели: ELFBAR 1500 (Pink Lemon)
2025-08-10 14:02:07,819 WARNING test_build_post: Встречен вкус до объявления модели: ELFBAR 1500 (Tobacco)
2025-08-10 14:02:07,819 WARNING test_build_post: Встречен вкус до объявления модели: ELFBAR 1500 (Blueberry Bubble Gum)
2025-08-10 14:02:07,820 WARNING test_build_post: Встречен вкус до объявления модели: ELFBAR 1500 (Strawberry Ice Cream)
2025-08-10 14:02:07,820 WARNING test_build_post: Встречен вкус до объявления модели: ELFBAR 1500 (Pineapple Peach Mango)
2025-08-10 14:02:07,820 WARNING test_build_post: Встречен вкус до объявления модели: ELFBAR 1500 (Kiwi Passion Fruit Guava)
2025-08-10 14:02:07,820 WARNING test_build_post: Встречен вкус до объявления модели: ELFBAR 1500 (Mango Peach Watermelon)
2025-08-10 14:02:07,820 WARNING test_build_post: Встречен вкус до объявления модели: ELFBAR 1500 (Neon rain)
2025-08-10 14:02:07,820 WARNING test_build_post: Встречен вкус до объявления модели: ELFBAR 1500 (Banana Ice)
2025-08-10 14:02:07,820 WARNING test_build_post: Встречен вкус до объявления модели: ELFBAR 1500 (Cherry Lemon Peach)
2025-08-10 14:02:07,820 WARNING test_build_post: Встречен вкус до объявления модели: ELFBAR 1500 (Watermelon)
2025-08-10 14:02:07,820 WARNING test_build_post: Встречен вкус до объявления модели: ELFBAR 1500 (Coconut Melon)
2025-08-10 14:02:07,820 WARNING test_build_post: Встречен вкус до объявления модели: ELFBAR 1500 (Apple Peach)
2025-08-10 14:02:07,820 WARNING test_build_post: Встречен вкус до объявления модели: ELFBAR 1500 (Blue Razz Lemonade)
2025-08-10 14:02:07,821 WARNING test_build_post: Встречен вкус до объявления модели: ELFBAR 1500 (Grape)
2025-08-10 14:02:07,821 WARNING test_build_post: Встречен вкус до объявления модели: ELFBAR 1500 (Strawberry Grape)
2025-08-10 14:02:07,821 WARNING test_build_post: Встречен вкус до объявления модели: ELFBAR 1500 (Watermelon Lemon)
2025-08-10 14:02:07,821 WARNING test_build_post: Встречен вкус до объявления модели: ELFBAR 1500 (Strawberry Banana)
2025-08-10 14:02:07,821 WARNING test_build_post: Встречен вкус до объявления модели: ELFBAR 1500 (Strawberry Raspberry Cherry Ice)
2025-08-10 14:02:07,821 WARNING test_build_post: Встречен вкус до объявления модели: ELF BAR/1500 ultra
2025-08-10 14:02:07,821 WARNING test_build_post: Встречен вкус до объявления модели: ELF BAR 1500 ULTRA (Banana Ice)
2025-08-10 14:02:07,821 WARNING test_build_post: Встречен вкус до объявления модели: ELF BAR 1500 ULTRA (Grape)
2025-08-10 14:02:07,821 WARNING test_build_post: Встречен вкус до объявления модели: ELF BAR 1500 ULTRA (Blue Razz Lemonade)
2025-08-10 14:02:07,821 WARNING test_build_post: Встречен вкус до объявления модели: ELF BAR 1500 ULTRA (Coconut Melon)
2025-08-10 14:02:07,821 WARNING test_build_post: Встречен вкус до объявления модели: ELF BAR 1500 ULTRA (Cola)
2025-08-10 14:02:07,821 WARNING test_build_post: Встречен вкус до объявления модели: ELF BAR 1500 ULTRA (Blueberry)
2025-08-10 14:02:07,821 WARNING test_build_post: Встречен вкус до объявления модели: ELF BAR 1500 ULTRA (Blue Sour Raspberry)
2025-08-10 14:02:07,821 WARNING test_build_post: Встречен вкус до объявления модели: ELF BAR 1500 ULTRA (Cherry Lemon Peach)
2025-08-10 14:02:07,821 WARNING test_build_post: Встречен вкус до объявления модели: ELF BAR 1500 ULTRA (Grape raspberry ice cream)
2025-08-10 14:02:07,822 WARNING test_build_post: Встречен вкус до объявления модели: ELF BAR 1500 ULTRA (Pink lemonade)
2025-08-10 14:02:07,822 WARNING test_build_post: Встречен вкус до объявления модели: ELF BAR/2000
2025-08-10 14:02:07,822 WARNING test_build_post: Встречен вкус до объявления модели: ELF BAR 2000 (Peach Mango Guava)
2025-08-10 14:02:07,822 WARNING test_build_post: Встречен вкус до объявления модели: ELF BAR 2000 (Kiwi Passion Fruit Guava)
2025-08-10 14:02:07,822 WARNING test_build_post: Встречен вкус до объявления модели: ELF BAR 2000 (Pineapple Ice)
2025-08-10 14:02:07,822 WARNING test_build_post: Встречен вкус до объявления модели: ELF BAR 2000 (Grape Ice)
2025-08-10 14:02:07,822 WARNING test_build_post: Встречен вкус до объявления модели: ELF BAR/BC 10000 Touch
2025-08-10 14:02:07,822 WARNING test_build_post: Встречен вкус до объявления модели: ELF BAR BC10000 Touch (OMG Passion fruit orange mango guava)
2025-08-10 14:02:07,822 WARNING test_build_post: Встречен вкус до объявления модели: ELF BAR BC10000 Touch (Dragon Strawana)
2025-08-10 14:02:07,822 WARNING test_build_post: Встречен вкус до объявления модели: ELF BAR BC10000 Touch (Watermelon Bubblegum)
2025-08-10 14:02:07,822 WARNING test_build_post: Встречен вкус до объявления модели: ELF BAR/BC 15000
2025-08-10 14:02:07,822 WARNING test_build_post: Встречен вкус до объявления модели: ELFBAR BC 15000 (Kiwi Passion Fruit Guava)
2025-08-10 14:02:07,822 WARNING test_build_post: Встречен вкус до объявления модели: ELFBAR BC 15000 (Strawberry Kiwi)
2025-08-10 14:02:07,822 WARNING test_build_post: Встречен вкус до объявления модели: ELFBAR BC 15000 (Grapefruit Passion Fruit)
2025-08-10 14:02:07,822 WARNING test_build_post: Встречен вкус до объявления модели: ELFBAR BC 15000 (Watermelon Ice)
2025-08-10 14:02:07,823 WARNING test_build_post: Встречен вкус до объявления модели: ELF BAR/COMBO PRO 30000
2025-08-10 14:02:07,823 WARNING test_build_post: Встречен вкус до объявления модели: COMBO PRO 30000 (Strawberry / Grape)
2025-08-10 14:02:07,823 WARNING test_build_post: Встречен вкус до объявления модели: COMBO PRO 30000 (Peach / Triple Mango)
2025-08-10 14:02:07,823 WARNING test_build_post: Встречен вкус до объявления модели: COMBO PRO 30000 (Sour Watermelon / Pineapple)
2025-08-10 14:02:07,823 WARNING test_build_post: Встречен вкус до объявления модели: COMBO PRO 30000 (Blackberry / Passion Fruit)
2025-08-10 14:02:07,823 WARNING test_build_post: Встречен вкус до объявления модели: COMBO PRO 30000 (ELF BULL / Lime Cola)
2025-08-10 14:02:07,823 WARNING test_build_post: Встречен вкус до объявления модели: COMBO PRO 30000 (Strawberry / Banana)
2025-08-10 14:02:07,823 WARNING test_build_post: Встречен вкус до объявления модели: COMBO PRO 30000 (Jasmine Raspberry / Blueberry Ice)
2025-08-10 14:02:07,823 WARNING test_build_post: Встречен вкус до объявления модели: COMBO PRO 30000 (Watermelon Ice / Blueberry)
2025-08-10 14:02:07,823 WARNING test_build_post: Встречен вкус до объявления модели: COMBO PRO 30000 (Lime / Blue Razz)
2025-08-10 14:02:07,823 WARNING test_build_post: Встречен вкус до объявления модели: ELF BAR/COMBO x 25000
2025-08-10 14:02:07,823 WARNING test_build_post: Встречен вкус до объявления модели: COMBO x 25000 (Peach Mango / Watermelon)
2025-08-10 14:02:07,823 WARNING test_build_post: Встречен вкус до объявления модели: COMBO x 25000 (Green Apple / Double Apple Shisha)
2025-08-10 14:02:07,823 WARNING test_build_post: Встречен вкус до объявления модели: COMBO x 25000 (Green Grape / Grape)
2025-08-10 14:02:07,823 WARNING test_build_post: Встречен вкус до объявления модели: COMBO x 25000 (Grape / Mary Drink)
2025-08-10 14:02:07,824 WARNING test_build_post: Встречен вкус до объявления модели: COMBO x 25000 (Pink Lemonade / Grape Fruit)
2025-08-10 14:02:07,824 WARNING test_build_post: Встречен вкус до объявления модели: COMBO x 25000 (Lime / Pineapple)
2025-08-10 14:02:07,824 WARNING test_build_post: Встречен вкус до объявления модели: COMBO x 25000 (Blueberry Sour Raspberry / Cherry)
2025-08-10 14:02:07,824 WARNING test_build_post: Встречен вкус до объявления модели: ELF BAR/FS 18000
2025-08-10 14:02:07,824 WARNING test_build_post: Встречен вкус до объявления модели: FS18000 (Pomegranate Coconut)
2025-08-10 14:02:07,824 WARNING test_build_post: Встречен вкус до объявления модели: FS18000 (Cranberry)
2025-08-10 14:02:07,824 WARNING test_build_post: Встречен вкус до объявления модели: FS18000 (Orange Watermelon)
2025-08-10 14:02:07,824 WARNING test_build_post: Встречен вкус до объявления модели: FS18000 (Peach Ice)
2025-08-10 14:02:07,824 WARNING test_build_post: Встречен вкус до объявления модели: FS18000 (Watermelon Bubble Gum)
2025-08-10 14:02:07,824 WARNING test_build_post: Встречен вкус до объявления модели: FS18000 (Blueberry Razz Lemon)
2025-08-10 14:02:07,824 WARNING test_build_post: Встречен вкус до объявления модели: FS18000 (Peach Berry)
2025-08-10 14:02:07,824 WARNING test_build_post: Встречен вкус до объявления модели: FS18000 (Watermelon Lemon)
2025-08-10 14:02:07,824 WARNING test_build_post: Встречен вкус до объявления модели: FS18000 (Blackberry Cranberry)
2025-08-10 14:02:07,824 WARNING test_build_post: Встречен вкус до объявления модели: FS18000 (Cherry Peach Lemonade)
2025-08-10 14:02:07,824 WARNING test_build_post: Встречен вкус до объявления модели: FS18000 (Grape Raspberry)
2025-08-10 14:02:07,824 WARNING test_build_post: Встречен вкус до объявления модели: FS18000 (Blueberry Ice)
2025-08-10 14:02:07,824 WARNING test_build_post: Встречен вкус до объявления модели: FS18000 (Blueberry Raspberry)
2025-08-10 14:02:07,825 WARNING test_build_post: Встречен вкус до объявления модели: FS18000 (Lemon Mint)
2025-08-10 14:02:07,825 WARNING test_build_post: Встречен вкус до объявления модели: FS18000 (Kiwi Pineapple Ice)
2025-08-10 14:02:07,825 WARNING test_build_post: Встречен вкус до объявления модели: FS18000 (Double Apple)
2025-08-10 14:02:07,825 WARNING test_build_post: Встречен вкус до объявления модели: ELF BAR/GH 23000
2025-08-10 14:02:07,825 WARNING test_build_post: Встречен вкус до объявления модели: GH23000 (Alpine Mint)
2025-08-10 14:02:07,825 WARNING test_build_post: Встречен вкус до объявления модели: GH23000 (Jasmine Raspberry)
2025-08-10 14:02:07,825 WARNING test_build_post: Встречен вкус до объявления модели: GH23000 (Watermelon lce)
2025-08-10 14:02:07,825 WARNING test_build_post: Встречен вкус до объявления модели: GH23000 (Green Plum Sour Lime)
2025-08-10 14:02:07,825 WARNING test_build_post: Встречен вкус до объявления модели: GH23000 (Kiwi pineapple ice)
2025-08-10 14:02:07,825 WARNING test_build_post: Встречен вкус до объявления модели: ELF BAR/GH 33000 PRO
2025-08-10 14:02:07,825 WARNING test_build_post: Встречен вкус до объявления модели: GH 33000 PRO (Watermelon Ice)
2025-08-10 14:02:07,825 WARNING test_build_post: Встречен вкус до объявления модели: GH 33000 PRO (Pear Soda)
2025-08-10 14:02:07,825 WARNING test_build_post: Встречен вкус до объявления модели: GH 33000 PRO (Pomegranate Burst)
2025-08-10 14:02:07,825 WARNING test_build_post: Встречен вкус до объявления модели: GH 33000 PRO (Granny Cherry)
2025-08-10 14:02:07,825 WARNING test_build_post: Встречен вкус до объявления модели: GH 33000 PRO (Lemon Lime)
2025-08-10 14:02:07,825 WARNING test_build_post: Встречен вкус до объявления модели: GH 33000 PRO (Grapefruit Passion Guava)
2025-08-10 14:02:07,826 WARNING test_build_post: Встречен вкус до объявления модели: GH 33000 PRO (Grape Ice)
2025-08-10 14:02:07,826 WARNING test_build_post: Встречен вкус до объявления модели: GH 33000 PRO (Kiwi Pineapple Peach)
2025-08-10 14:02:07,826 WARNING test_build_post: Встречен вкус до объявления модели: GH 33000 PRO (Pine Needles)
2025-08-10 14:02:07,826 WARNING test_build_post: Встречен вкус до объявления модели: GH 33000 PRO (Apple Kiwi Ice)
2025-08-10 14:02:07,826 WARNING test_build_post: Встречен вкус до объявления модели: GH 33000 PRO (Blue Razz Ice)
2025-08-10 14:02:07,826 WARNING test_build_post: Встречен вкус до объявления модели: GH 33000 PRO (Sour Strawberry Dragonfruit)
2025-08-10 14:02:07,826 WARNING test_build_post: Встречен вкус до объявления модели: GH 33000 PRO (Mountain Mint)
2025-08-10 14:02:07,826 WARNING test_build_post: Встречен вкус до объявления модели: GH 33000 PRO (Cherry Pomegranate Pineapple)
2025-08-10 14:02:07,826 WARNING test_build_post: Встречен вкус до объявления модели: GH 33000 PRO (Raspberry Grapefruit Lemon)
2025-08-10 14:02:07,826 WARNING test_build_post: Встречен вкус до объявления модели: ELF BAR/ICE KING 30000
2025-08-10 14:02:07,826 WARNING test_build_post: Встречен вкус до объявления модели: ICE KING 30000 (Blackberry Cranberry)
2025-08-10 14:02:07,826 WARNING test_build_post: Встречен вкус до объявления модели: ICE KING 30000 (Peach Ice)
2025-08-10 14:02:07,826 WARNING test_build_post: Встречен вкус до объявления модели: ICE KING 30000 (Pink Lemonade)
2025-08-10 14:02:07,826 WARNING test_build_post: Встречен вкус до объявления модели: ICE KING 30000 (Blue Razz Ice)
2025-08-10 14:02:07,826 WARNING test_build_post: Встречен вкус до объявления модели: ICE KING 30000 (Miami Mint)
2025-08-10 14:02:07,827 WARNING test_build_post: Встречен вкус до объявления модели: ICE KING 30000 (Watermelon)
2025-08-10 14:02:07,827 WARNING test_build_post: Встречен вкус до объявления модели: ICE KING 30000 (Cherry Pomegranate Cranberry)
2025-08-10 14:02:07,827 WARNING test_build_post: Встречен вкус до объявления модели: ICE KING 30000 (Grape Ice)
2025-08-10 14:02:07,827 WARNING test_build_post: Встречен вкус до объявления модели: ICE KING 30000 (Kiwi Passion Fruit Guava)
2025-08-10 14:02:07,827 WARNING test_build_post: Встречен вкус до объявления модели: ICE KING 30000 (Strawberry Watermelon)
2025-08-10 14:02:07,827 WARNING test_build_post: Встречен вкус до объявления модели: ELF BAR/MoonNight 40000
2025-08-10 14:02:07,827 WARNING test_build_post: Встречен вкус до объявления модели: MoonNight 40000 (Lemon Lime)
2025-08-10 14:02:07,827 WARNING test_build_post: Встречен вкус до объявления модели: MoonNight 40000 (Lime Cola)
2025-08-10 14:02:07,827 WARNING test_build_post: Встречен вкус до объявления модели: MoonNight 40000 (Miami mint)
2025-08-10 14:02:07,827 WARNING test_build_post: Встречен вкус до объявления модели: MoonNight 40000 (Grape ice)
2025-08-10 14:02:07,827 WARNING test_build_post: Встречен вкус до объявления модели: MoonNight 40000 (Kiwi Passion Fruite Guava)
2025-08-10 14:02:07,827 WARNING test_build_post: Встречен вкус до объявления модели: MoonNight 40000 (Watermelon Ice)
2025-08-10 14:02:07,827 WARNING test_build_post: Встречен вкус до объявления модели: MoonNight 40000 (Mango peach watermelon)
2025-08-10 14:02:07,827 WARNING test_build_post: Встречен вкус до объявления модели: MoonNight 40000 (Peach ice)
2025-08-10 14:02:07,827 WARNING test_build_post: Встречен вкус до объявления модели: MoonNight 40000 (Blue razz ice)
2025-08-10 14:02:07,827 WARNING test_build_post: Встречен вкус до объявления модели: MoonNight 40000 (Pomegranate Burst)
2025-08-10 14:02:07,827 WARNING test_build_post: Встречен вкус до объявления модели: MoonNight 40000 (Cheery watermelon)
2025-08-10 14:02:07,827 WARNING test_build_post: Встречен вкус до объявления модели: ELF BAR/Nic King
2025-08-10 14:02:07,828 WARNING test_build_post: Встречен вкус до объявления модели: Nic King (Pear Soda)
2025-08-10 14:02:07,828 WARNING test_build_post: Встречен вкус до объявления модели: Nic King (Icy Blue Rose)
2025-08-10 14:02:07,828 WARNING test_build_post: Встречен вкус до объявления модели: Nic King (Pineapple Dragonfruit Grapefruit)
2025-08-10 14:02:07,828 WARNING test_build_post: Встречен вкус до объявления модели: Nic King (Pomegranate Burst)
2025-08-10 14:02:07,828 WARNING test_build_post: Встречен вкус до объявления модели: Nic King (Chilly River)
2025-08-10 14:02:07,828 WARNING test_build_post: Встречен вкус до объявления модели: Nic King (Key Lime)
2025-08-10 14:02:07,828 WARNING test_build_post: Встречен вкус до объявления модели: Nic King (Sour Cherry Candy)
2025-08-10 14:02:07,828 WARNING test_build_post: Встречен вкус до объявления модели: Nic King (Grape Cranberry)
2025-08-10 14:02:07,828 WARNING test_build_post: Встречен вкус до объявления модели: Nic King (Sour Strawberry Dragonfruit)
2025-08-10 14:02:07,828 WARNING test_build_post: Встречен вкус до объявления модели: Nic King (Watermelon Ice)
2025-08-10 14:02:07,828 WARNING test_build_post: Встречен вкус до объявления модели: Nic King (Grapefruit Green Tea)
2025-08-10 14:02:07,828 WARNING test_build_post: Встречен вкус до объявления модели: Nic King (Watermelon Cherry)
2025-08-10 14:02:07,828 WARNING test_build_post: Встречен вкус до объявления модели: Nic King (Blue razz ice)
2025-08-10 14:02:07,828 WARNING test_build_post: Встречен вкус до объявления модели: Nic King (Sour Apple Watermelon)
2025-08-10 14:02:07,828 WARNING test_build_post: Встречен вкус до объявления модели: Nic King (Lemon Lime Ice Tea)
2025-08-10 14:02:07,828 WARNING test_build_post: Встречен вкус до объявления модели: ELF BAR/Pi7000
2025-08-10 14:02:07,828 WARNING test_build_post: Встречен вкус до объявления модели: Pi7000 (Mango peach watermelon)
2025-08-10 14:02:07,828 WARNING test_build_post: Встречен вкус до объявления модели: Pi7000 (French kissing)
2025-08-10 14:02:07,828 WARNING test_build_post: Встречен вкус до объявления модели: Pi7000 (Pickled Cucumber)
2025-08-10 14:02:07,829 WARNING test_build_post: Встречен вкус до объявления модели: Pi7000 (Rainbow clouds)
2025-08-10 14:02:07,829 WARNING test_build_post: Встречен вкус до объявления модели: ELF BAR/Planet 25000
2025-08-10 14:02:07,829 WARNING test_build_post: Встречен вкус до объявления модели: PLANET 25000 (Baja Splash)
2025-08-10 14:02:07,829 WARNING test_build_post: Встречен вкус до объявления модели: PLANET 25000 (Watermelon)
2025-08-10 14:02:07,829 WARNING test_build_post: Встречен вкус до объявления модели: PLANET 25000 (Pieapple Passion Fruit Baja)
2025-08-10 14:02:07,829 WARNING test_build_post: Встречен вкус до объявления модели: PLANET 25000 (Double Apple)
2025-08-10 14:02:07,829 WARNING test_build_post: Встречен вкус до объявления модели: PLANET 25000 (Double Peach Lime)
2025-08-10 14:02:07,829 WARNING test_build_post: Встречен вкус до объявления модели: PLANET 25000 (Pineapple Watermelon)
2025-08-10 14:02:07,829 WARNING test_build_post: Встречен вкус до объявления модели: PLANET 25000 (White Peach Baja Splash)
2025-08-10 14:02:07,829 WARNING test_build_post: Встречен вкус до объявления модели: PLANET 25000 (Peach+)
2025-08-10 14:02:07,829 WARNING test_build_post: Встречен вкус до объявления модели: PLANET 25000 (Sea Breeze mint)
2025-08-10 14:02:07,829 WARNING test_build_post: Встречен вкус до объявления модели: PLANET 25000 (Blue Razz Ice)
2025-08-10 14:02:07,829 WARNING test_build_post: Встречен вкус до объявления модели: PLANET 25000 (Cherry Lime)
2025-08-10 14:02:07,829 WARNING test_build_post: Встречен вкус до объявления модели: PLANET 25000 (Strawberry Peach+)
2025-08-10 14:02:07,829 WARNING test_build_post: Встречен вкус до объявления модели: PLANET 25000 (Cranberry Orange Baja Splash)
2025-08-10 14:02:07,829 WARNING test_build_post: Встречен вкус до объявления модели: PLANET 25000 (Lemon Lime)
2025-08-10 14:02:07,829 WARNING test_build_post: Встречен вкус до объявления модели: PLANET 25000 (Watermelon Cherry)
2025-08-10 14:02:07,829 WARNING test_build_post: Встречен вкус до объявления модели: ELF BAR/Raya D3 25000
2025-08-10 14:02:07,830 WARNING test_build_post: Встречен вкус до объявления модели: RAYA D3 25000 (Grape Ice)
2025-08-10 14:02:07,830 WARNING test_build_post: Встречен вкус до объявления модели: RAYA D3 25000 (Watermelon Lemon)
2025-08-10 14:02:07,830 WARNING test_build_post: Встречен вкус до объявления модели: RAYA D3 25000 (Blueberry ice)
2025-08-10 14:02:07,830 WARNING test_build_post: Встречен вкус до объявления модели: RAYA D3 25000 (Strawberry Grape)
2025-08-10 14:02:07,830 WARNING test_build_post: Встречен вкус до объявления модели: RAYA D3 25000 (Peach Berry)
2025-08-10 14:02:07,830 WARNING test_build_post: Встречен вкус до объявления модели: RAYA D3 25000 (Vimto)
2025-08-10 14:02:07,830 WARNING test_build_post: Встречен вкус до объявления модели: RAYA D3 25000 (Blueberry Raspberry)
2025-08-10 14:02:07,830 WARNING test_build_post: Встречен вкус до объявления модели: RAYA D3 25000 (Grape Cherry)
2025-08-10 14:02:07,830 WARNING test_build_post: Встречен вкус до объявления модели: RAYA D3 25000 (Kiwi Pineapple Ice)
2025-08-10 14:02:07,830 WARNING test_build_post: Встречен вкус до объявления модели: RAYA D3 25000 (Alpine Mint)
2025-08-10 14:02:07,830 WARNING test_build_post: Встречен вкус до объявления модели: RAYA D3 25000 (Watermelon Bubble Gum)
2025-08-10 14:02:07,830 WARNING test_build_post: Встречен вкус до объявления модели: RAYA D3 25000 (Grape Mint)
2025-08-10 14:02:07,830 WARNING test_build_post: Встречен вкус до объявления модели: RAYA D3 25000 (Blackberry pomegranate cherry)
2025-08-10 14:02:07,830 WARNING test_build_post: Встречен вкус до объявления модели: RAYA D3 25000 (Strawberry Raspberry Cherry)
2025-08-10 14:02:07,830 WARNING test_build_post: Встречен вкус до объявления модели: RAYA D3 25000 (Kiwi Passion Fruit Guava)
2025-08-10 14:02:07,830 WARNING test_build_post: Встречен вкус до объявления модели: RAYA D3 25000 (Apple Peach)
2025-08-10 14:02:07,830 WARNING test_build_post: Встречен вкус до объявления модели: RAYA D3 25000 (Strawberry lce)
2025-08-10 14:02:07,830 WARNING test_build_post: Встречен вкус до объявления модели: RAYA D3 25000 (Mango Peach Watermelon)
2025-08-10 14:02:07,830 WARNING test_build_post: Встречен вкус до объявления модели: RAYA D3 25000 (Peach Ice)
2025-08-10 14:02:07,831 WARNING test_build_post: Встречен вкус до объявления модели: RAYA D3 25000 (Blackberry Cranberry)
2025-08-10 14:02:07,831 WARNING test_build_post: Встречен вкус до объявления модели: RAYA D3 25000 (Strawberry Watermelon)
2025-08-10 14:02:07,831 WARNING test_build_post: Встречен вкус до объявления модели: RAYA D3 25000 (Blue Razz Ice)
2025-08-10 14:02:07,831 WARNING test_build_post: Встречен вкус до объявления модели: RAYA D3 25000 (Watermelon ice)
2025-08-10 14:02:07,831 WARNING test_build_post: Встречен вкус до объявления модели: RAYA D3 25000 (Lemon Lime lce)
2025-08-10 14:02:07,831 WARNING test_build_post: Встречен вкус до объявления модели: RAYA D3 25000 (Double Apple)
2025-08-10 14:02:07,831 WARNING test_build_post: Встречен вкус до объявления модели: ELF BAR/Ri 3000
2025-08-10 14:02:07,831 WARNING test_build_post: Встречен вкус до объявления модели: ELF BAR RI3000 (Watermelon Ice)
2025-08-10 14:02:07,831 WARNING test_build_post: Встречен вкус до объявления модели: ELF BAR RI3000 (Blueberry Green Apple)
2025-08-10 14:02:07,831 WARNING test_build_post: Встречен вкус до объявления модели: ELF BAR RI3000 (Grape Ice)
2025-08-10 14:02:07,831 WARNING test_build_post: Встречен вкус до объявления модели: ELF BAR RI3000 (Mint Lemon)
2025-08-10 14:02:07,831 WARNING test_build_post: Встречен вкус до объявления модели: ELF BAR RI3000 (Strawberry Ice)
2025-08-10 14:02:07,831 WARNING test_build_post: Встречен вкус до объявления модели: ELF BAR RI3000 (Watermelon Coconut Water)
2025-08-10 14:02:07,831 WARNING test_build_post: Встречен вкус до объявления модели: ELF BAR RI3000 (Blueberry Orange)
2025-08-10 14:02:07,831 WARNING test_build_post: Встречен вкус до объявления модели: ELF BAR RI3000 (Watermelon Kiwi Berry Ice)
2025-08-10 14:02:07,831 WARNING test_build_post: Встречен вкус до объявления модели: ELF BAR RI3000 (Blueberry Raspberry Lemon)
2025-08-10 14:02:07,831 WARNING test_build_post: Встречен вкус до объявления модели: ELF BAR RI3000 (Strawberry Banana)
2025-08-10 14:02:07,831 WARNING test_build_post: Встречен вкус до объявления модели: ELF BAR RI3000 (Peach Cherry Blossom Ice)
2025-08-10 14:02:07,832 WARNING test_build_post: Встречен вкус до объявления модели: ELF BAR RI3000 (Blackberry Grape Ice)
2025-08-10 14:02:07,832 WARNING test_build_post: Встречен вкус до объявления модели: ELF BAR/Sour King
2025-08-10 14:02:07,832 WARNING test_build_post: Встречен вкус до объявления модели: Sour King (Sour Apple Pear)
2025-08-10 14:02:07,832 WARNING test_build_post: Встречен вкус до объявления модели: Sour King (Lemon Lime Ice Tea)
2025-08-10 14:02:07,832 WARNING test_build_post: Встречен вкус до объявления модели: Sour King (Sour Strawberry Kiwi)
2025-08-10 14:02:07,832 WARNING test_build_post: Встречен вкус до объявления модели: Sour King (Sour Kiwi Lemonade)
2025-08-10 14:02:07,832 WARNING test_build_post: Встречен вкус до объявления модели: Sour King (Sour Apple Candy)
2025-08-10 14:02:07,832 WARNING test_build_post: Встречен вкус до объявления модели: Sour King (Sour Blueberry Watermelon)
2025-08-10 14:02:07,832 WARNING test_build_post: Встречен вкус до объявления модели: Sour King (Sour Triple Berry)
2025-08-10 14:02:07,832 WARNING test_build_post: Встречен вкус до объявления модели: Sour King (Red Raspberry Strawberry)
2025-08-10 14:02:07,832 WARNING test_build_post: Встречен вкус до объявления модели: ELF BAR/Sweet King
2025-08-10 14:02:07,832 WARNING test_build_post: Встречен вкус до объявления модели: Sweet King (Kiwi Pineapple Peach)
2025-08-10 14:02:07,832 WARNING test_build_post: Встречен вкус до объявления модели: Sweet King (Apple Watermelon)
2025-08-10 14:02:07,832 WARNING test_build_post: Встречен вкус до объявления модели: Sweet King (Pear Soda)
2025-08-10 14:02:07,832 WARNING test_build_post: Встречен вкус до объявления модели: Sweet King (Jasmine Raspberry)
2025-08-10 14:02:07,832 WARNING test_build_post: Встречен вкус до объявления модели: Sweet King (Grape ice)
2025-08-10 14:02:07,832 WARNING test_build_post: Встречен вкус до объявления модели: Sweet King (Strawberry Banana)
2025-08-10 14:02:07,832 WARNING test_build_post: Встречен вкус до объявления модели: Sweet King (Watermelon Cherry)
2025-08-10 14:02:07,832 WARNING test_build_post: Встречен вкус до объявления модели: Sweet King (Pine Needle Mint)
2025-08-10 14:02:07,832 WARNING test_build_post: Встречен вкус до объявления модели: LOST MARY/MO 5000
2025-08-10 14:02:07,833 WARNING test_build_post: Встречен вкус до объявления модели: LM MO5000 (Ginger Brown)
2025-08-10 14:02:07,833 WARNING test_build_post: Встречен вкус до объявления модели: LM MO5000 (Pure)
2025-08-10 14:02:07,833 WARNING test_build_post: Встречен вкус до объявления модели: VOZOL/RAVE 40000
2025-08-10 14:02:07,833 WARNING test_build_post: Встречен вкус до объявления модели: VOZOL RAVE 40000 (Strawberry Watermelon)
2025-08-10 14:02:07,833 WARNING test_build_post: Встречен вкус до объявления модели: VOZOL RAVE 40000 (Blueberry Watermelon)
2025-08-10 14:02:07,833 WARNING test_build_post: Встречен вкус до объявления модели: VOZOL RAVE 40000 (Strawberry Peach)
2025-08-10 14:02:07,833 WARNING test_build_post: Встречен вкус до объявления модели: VOZOL RAVE 40000 (Love 777)
2025-08-10 14:02:07,833 WARNING test_build_post: Встречен вкус до объявления модели: VOZOL RAVE 40000 (Watermelon Razz Rancher)
2025-08-10 14:02:07,833 WARNING test_build_post: Встречен вкус до объявления модели: VOZOL RAVE 40000 (Watermelon Bublegum)
2025-08-10 14:02:07,833 WARNING test_build_post: Встречен вкус до объявления модели: VOZOL RAVE 40000 (Double Apple)
2025-08-10 14:02:07,833 WARNING test_build_post: Встречен вкус до объявления модели: VOZOL RAVE 40000 (Peach Ice)
2025-08-10 14:02:07,833 WARNING test_build_post: Встречен вкус до объявления модели: VOZOL RAVE 40000 (Blue Razz Ice)
2025-08-10 14:02:07,833 WARNING test_build_post: Встречен вкус до объявления модели: VOZOL RAVE 40000 (Cherry Cola)
2025-08-10 14:02:07,833 WARNING test_build_post: Встречен вкус до объявления модели: VOZOL RAVE 40000 (Cool Mint)
2025-08-10 14:02:07,833 WARNING test_build_post: Встречен вкус до объявления модели: VOZOL RAVE 40000 (Grape Ice)
2025-08-10 14:02:07,833 WARNING test_build_post: Встречен вкус до объявления модели: VOZOL RAVE 40000 (Peach Raspberry Lemonade)
2025-08-10 14:02:07,834 WARNING test_build_post: Встречен вкус до объявления модели: VOZOL RAVE 40000 (Mango Peach)
2025-08-10 14:02:07,834 WARNING test_build_post: Встречен вкус до объявления модели: VOZOL RAVE 40000 (Blueberry Ice)
2025-08-10 14:02:07,834 WARNING test_build_post: Встречен вкус до объявления модели: VOZOL/RAVE 50000
2025-08-10 14:02:07,834 WARNING test_build_post: Встречен вкус до объявления модели: VOZOL RAVE 50.000 (Mango Peach)
2025-08-10 14:02:07,834 WARNING test_build_post: Встречен вкус до объявления модели: VOZOL RAVE 50.000 (Sour Mango Pineapple)
2025-08-10 14:02:07,834 WARNING test_build_post: Встречен вкус до объявления модели: VOZOL/STAR 40000
2025-08-10 14:02:07,834 WARNING test_build_post: Встречен вкус до объявления модели: VOZOL STAR 40000 (Blueberry Watermelon)
2025-08-10 14:02:07,834 WARNING test_build_post: Встречен вкус до объявления модели: VOZOL STAR 40000 (Watermelon Ice)
2025-08-10 14:02:07,834 WARNING test_build_post: Встречен вкус до объявления модели: VOZOL STAR 40000 (Watermelon Sour Peach)
2025-08-10 14:02:07,834 WARNING test_build_post: Встречен вкус до объявления модели: VOZOL STAR 40000 (Sour Apple Ice)
2025-08-10 14:02:07,834 WARNING test_build_post: Встречен вкус до объявления модели: VOZOL STAR 40000 (Strawberry Ice)
2025-08-10 14:02:07,834 WARNING test_build_post: Встречен вкус до объявления модели: VOZOL STAR 40000 (Blueberry Mint)
2025-08-10 14:02:07,834 WARNING test_build_post: Встречен вкус до объявления модели: VOZOL STAR 40000 (Blue Razz Ice)
2025-08-10 14:02:07,834 WARNING test_build_post: Встречен вкус до объявления модели: VOZOL STAR 40000 (Grape Ice)
2025-08-10 14:02:07,834 WARNING test_build_post: Встречен вкус до объявления модели: VOZOL STAR 40000 (Watermelon Grape Boysenberry)
2025-08-10 14:02:07,834 WARNING test_build_post: Встречен вкус до объявления модели: VOZOL STAR 40000 (Strawberry Watermelon)
2025-08-10 14:02:07,834 WARNING test_build_post: Встречен вкус до объявления модели: VOZOL STAR 40000 (Strawberry Kiwi)
2025-08-10 14:02:07,834 WARNING test_build_post: Встречен вкус до объявления модели: VOZOL STAR 40000 (White Peach Raspberry)
2025-08-10 14:02:07,835 WARNING test_build_post: Встречен вкус до объявления модели: VOZOL STAR 40000 (Blueberry Ice)
2025-08-10 14:02:07,835 WARNING test_build_post: Встречен вкус до объявления модели: VOZOL STAR 40000 (Cherry Cola)
2025-08-10 14:02:07,835 WARNING test_build_post: Встречен вкус до объявления модели: VOZOL STAR 40000 (Watermelon Bubblegum)
2025-08-10 14:02:07,835 WARNING test_build_post: Встречен вкус до объявления модели: VOZOL STAR 40000 (VZBull)
2025-08-10 14:02:07,835 WARNING test_build_post: Встречен вкус до объявления модели: WAKA/SOPRO 10000 EN 7% / 9%
2025-08-10 14:02:07,835 WARNING test_build_post: Встречен вкус до объявления модели: SOPRO 10000 EN 7% / 9% (Watermelon Chill)
2025-08-10 14:02:07,835 WARNING test_build_post: Встречен вкус до объявления модели: SOPRO 10000 EN 7% / 9% (Strawberry Banana)
2025-08-10 14:02:07,835 WARNING test_build_post: Встречен вкус до объявления модели: SOPRO 10000 EN 7% / 9% (Grape Apple)
2025-08-10 14:02:07,835 WARNING test_build_post: Встречен вкус до объявления модели: SOPRO 10000 EN 7% / 9% (Strawberry Kiwi)
2025-08-10 14:02:07,835 WARNING test_build_post: Встречен вкус до объявления модели: SOPRO 10000 EN 7% / 9% (Cranberry Grape)
2025-08-10 14:02:07,835 WARNING test_build_post: Встречен вкус до объявления модели: SOPRO 10000 EN 7% / 9% (Fruity Chews)
2025-08-10 14:02:07,835 WARNING test_build_post: Встречен вкус до объявления модели: SOPRO 10000 EN 7% / 9% (Sakura Grape)
2025-08-10 14:02:07,835 WARNING test_build_post: Встречен вкус до объявления модели: SOPRO 10000 EN 7% / 9% (Fresh Mint)
2025-08-10 14:02:07,835 WARNING test_build_post: Встречен вкус до объявления модели: SOPRO 10000 EN 7% / 9% (Kiwi Passion Fruit Guava)
2025-08-10 14:02:07,835 WARNING test_build_post: Встречен вкус до объявления модели: SOPRO 10000 EN 7% / 9% (Blueberry Raspberry)
2025-08-10 14:02:07,835 WARNING test_build_post: Встречен вкус до объявления модели: WAKA/WAKA 36000
2025-08-10 14:02:07,835 WARNING test_build_post: Встречен вкус до объявления модели: WAKA 36000 (Strawberry watermelon)
2025-08-10 14:02:07,835 WARNING test_build_post: Встречен вкус до объявления модели: WAKA 36000 (White Grape)
2025-08-10 14:02:07,835 WARNING test_build_post: Встречен вкус до объявления модели: WAKA 36000 (Strawberry Banana)
2025-08-10 14:02:07,835 WARNING test_build_post: Встречен вкус до объявления модели: WAKA 36000 (Green Apple)
2025-08-10 14:02:07,836 WARNING test_build_post: Встречен вкус до объявления модели: WAKA 36000 (Menthol)
2025-08-10 14:02:07,836 WARNING test_build_post: Встречен вкус до объявления модели: WAKA 36000 (Peach Mango Watermelon)
2025-08-10 14:02:07,836 WARNING test_build_post: Встречен вкус до объявления модели: WAKA 36000 (Strawberry Kiwi)
2025-08-10 14:02:07,836 WARNING test_build_post: Встречен вкус до объявления модели: WAKA 36000 (Cherry Watermelon)
2025-08-10 14:02:07,836 WARNING test_build_post: Встречен вкус до объявления модели: WAKA 36000 (Grape + Apple fusion)
2025-08-10 14:02:07,836 WARNING test_build_post: Встречен вкус до объявления модели: WAKA/WAKA PA 25000 7% / 9%
2025-08-10 14:02:07,836 WARNING test_build_post: Встречен вкус до объявления модели: PA 25000 (Sour Fruit Gummy)
2025-08-10 14:02:07,836 WARNING test_build_post: Встречен вкус до объявления модели: PA 25000 (Triple Mango)
2025-08-10 14:02:07,836 WARNING test_build_post: Встречен вкус до объявления модели: PA 25000 (Green Grape)
2025-08-10 14:02:07,836 WARNING test_build_post: Встречен вкус до объявления модели: PA 25000 (Blueberry Raspberry)
2025-08-10 14:02:07,836 WARNING test_build_post: Встречен вкус до объявления модели: PA 25000 (Cranberry Grape)
2025-08-10 14:02:07,836 WARNING test_build_post: Встречен вкус до объявления модели: PA 25000 (Kiwi Passion Fruit Guava)
2025-08-10 14:02:07,836 WARNING test_build_post: Встречен вкус до объявления модели: PA 25000 (Sour Apple)
2025-08-10 14:02:07,836 WARNING test_build_post: Встречен вкус до объявления модели: PA 25000 (Watermelon Chill)
2025-08-10 14:02:07,836 WARNING test_build_post: Встречен вкус до объявления модели: PA 25000 (Lemon Lime)
2025-08-10 14:02:07,836 WARNING test_build_post: Встречен вкус до объявления модели: PA 25000 (Blackberry Bluerazz)
2025-08-10 14:02:07,836 WARNING test_build_post: Встречен вкус до объявления модели: PA 25000 (Triple Berry)
2025-08-10 14:02:07,836 ERROR test_build_post: Не найдено сгруппированных данных в таблице.
2025-08-10 14:06:29,042 INFO test_build_post: Прочитано строк: 292
2025-08-10 14:06:29,045 INFO test_build_post: Найдено моделей: 26
2025-08-10 14:06:29,045 INFO test_build_post: Тестовая модель: VOZOL/RAVE 40000 (вкусов: 15)
2025-08-10 14:09:27,529 INFO test_build_post: Прочитано строк: 292
2025-08-10 14:09:27,532 INFO test_build_post: Найдено моделей: 26
2025-08-10 14:09:27,533 INFO test_build_post: Тестовая модель: VOZOL/RAVE 40000 (вкусов: 15)
2025-08-10 14:37:45,741 INFO test_build_post: Прочитано строк: 292
2025-08-10 14:37:45,744 INFO test_build_post: Найдено моделей: 26
2025-08-10 14:37:45,744 INFO test_build_post: Тестовая модель: VOZOL/RAVE 40000 (вкусов: 15)
2025-08-10 15:02:49,341 INFO test_build_post: Прочитано строк: 292
2025-08-10 15:02:49,343 INFO test_build_post: Найдено моделей: 26
2025-08-10 15:02:49,343 INFO test_build_post: Тестовая модель: VOZOL/RAVE 40000 (вкусов: 15)
